INFO:root:Request from 0.0.0.0:8080
b'GET / HTTP/1.1\r\nHost: localhost:8080\r\nAccept: text/html,application/xhtml+xml,application/xml;q=0.9,*/*;q=0.8\r\nCookie: wp-settings-time-1=1462561165\r\nUser-Agent: Mozilla/5.0 (Macintosh; Intel Mac OS X 10_11_6) AppleWebKit/601.7.7 (KHTML, like Gecko) Version/9.1.2 Safari/601.7.7\r\nAccept-Language: en-us\r\nAccept-Encoding: gzip, deflate\r\nConnection: keep-alive\r\n\r\n'
INFO:root:Request from 0.0.0.0:8080
b'GET /127.0.0.1:8080/Users/jmorrison/style.css HTTP/1.1\r\nHost: localhost:8080\r\nAccept: text/css,*/*;q=0.1\r\nConnection: keep-alive\r\nCookie: wp-settings-time-1=1462561165\r\nUser-Agent: Mozilla/5.0 (Macintosh; Intel Mac OS X 10_11_6) AppleWebKit/601.7.7 (KHTML, like Gecko) Version/9.1.2 Safari/601.7.7\r\nAccept-Language: en-us\r\nReferer: http://localhost:8080/\r\nAccept-Encoding: gzip, deflate\r\n\r\n'
INFO:root:Request from 0.0.0.0:8080
b'GET / HTTP/1.1\r\nHost: 10.10.20.41:8080\r\nAccept-Encoding: gzip, deflate\r\nAccept: text/html,application/xhtml+xml,application/xml;q=0.9,*/*;q=0.8\r\nUser-Agent: Mozilla/5.0 (iPhone; CPU iPhone OS 9_3_2 like Mac OS X) AppleWebKit/601.1.46 (KHTML, like Gecko) Version/9.0 Mobile/13F69 Safari/601.1\r\nAccept-Language: en-us\r\nDNT: 1\r\nConnection: keep-alive\r\n\r\n'
INFO:root:Request from 0.0.0.0:8080
b'GET /127.0.0.1:8080/Users/jmorrison/style.css HTTP/1.1\r\nHost: 10.10.20.41:8080\r\nAccept-Encoding: gzip, deflate\r\nConnection: keep-alive\r\nAccept: text/css,*/*;q=0.1\r\nUser-Agent: Mozilla/5.0 (iPhone; CPU iPhone OS 9_3_2 like Mac OS X) AppleWebKit/601.1.46 (KHTML, like Gecko) Version/9.0 Mobile/13F69 Safari/601.1\r\nAccept-Language: en-us\r\nReferer: http://10.10.20.41:8080/\r\nDNT: 1\r\n\r\n'
INFO:root:Request from 0.0.0.0:8080
b'GET / HTTP/1.1\r\nHost: localhost:8080\r\nAccept: text/html,application/xhtml+xml,application/xml;q=0.9,*/*;q=0.8\r\nCookie: wp-settings-time-1=1462561165\r\nUser-Agent: Mozilla/5.0 (Macintosh; Intel Mac OS X 10_11_6) AppleWebKit/601.7.7 (KHTML, like Gecko) Version/9.1.2 Safari/601.7.7\r\nAccept-Language: en-us\r\nAccept-Encoding: gzip, deflate\r\nConnection: keep-alive\r\n\r\n'
INFO:root:Request from 0.0.0.0:8080
GET /other.html HTTP/1.1
Host: localhost:8080
Accept: text/html,application/xhtml+xml,application/xml;q=0.9,*/*;q=0.8
Cookie: wp-settings-time-1=1462561165
User-Agent: Mozilla/5.0 (Macintosh; Intel Mac OS X 10_11_6) AppleWebKit/601.7.7 (KHTML, like Gecko) Version/9.1.2 Safari/601.7.7
Accept-Language: en-us
Accept-Encoding: gzip, deflate
Connection: keep-alive


INFO:root:Request from 0.0.0.0:8080
GET /other.html HTTP/1.1
Host: localhost:8080
Accept: text/html,application/xhtml+xml,application/xml;q=0.9,*/*;q=0.8
Cookie: wp-settings-time-1=1462561165
User-Agent: Mozilla/5.0 (Macintosh; Intel Mac OS X 10_11_6) AppleWebKit/601.7.7 (KHTML, like Gecko) Version/9.1.2 Safari/601.7.7
Accept-Language: en-us
Accept-Encoding: gzip, deflate
Connection: keep-alive


INFO:root:Request from 0.0.0.0:8080
GET /127.0.0.1:8080/Users/jmorrison/style.css HTTP/1.1
Host: localhost:8080
Accept: text/css,*/*;q=0.1
Connection: keep-alive
Cookie: wp-settings-time-1=1462561165
User-Agent: Mozilla/5.0 (Macintosh; Intel Mac OS X 10_11_6) AppleWebKit/601.7.7 (KHTML, like Gecko) Version/9.1.2 Safari/601.7.7
Accept-Language: en-us
Referer: http://localhost:8080/other.html
Accept-Encoding: gzip, deflate


INFO:root:Request from 0.0.0.0:8080
GET /other.html HTTP/1.1
Host: localhost:8080
Accept: text/html,application/xhtml+xml,application/xml;q=0.9,*/*;q=0.8
Connection: keep-alive
Cookie: wp-settings-time-1=1462561165
User-Agent: Mozilla/5.0 (Macintosh; Intel Mac OS X 10_11_6) AppleWebKit/601.7.7 (KHTML, like Gecko) Version/9.1.2 Safari/601.7.7
Accept-Language: en-us
Cache-Control: max-age=0
Accept-Encoding: gzip, deflate


INFO:root:Request from 0.0.0.0:8080
GET /style.css HTTP/1.1
Host: localhost:8080
Accept: text/css,*/*;q=0.1
Connection: keep-alive
Cookie: wp-settings-time-1=1462561165
User-Agent: Mozilla/5.0 (Macintosh; Intel Mac OS X 10_11_6) AppleWebKit/601.7.7 (KHTML, like Gecko) Version/9.1.2 Safari/601.7.7
Accept-Language: en-us
Referer: http://localhost:8080/other.html
Accept-Encoding: gzip, deflate


INFO:root:Request from 0.0.0.0:8080
GET /other.html HTTP/1.1
Host: localhost:8080
Accept: text/html,application/xhtml+xml,application/xml;q=0.9,*/*;q=0.8
Cookie: wp-settings-time-1=1462561165
User-Agent: Mozilla/5.0 (Macintosh; Intel Mac OS X 10_11_6) AppleWebKit/601.7.7 (KHTML, like Gecko) Version/9.1.2 Safari/601.7.7
Accept-Language: en-us
Accept-Encoding: gzip, deflate
Connection: keep-alive


INFO:root:Request from 0.0.0.0:8080
GET /style.css HTTP/1.1
Host: localhost:8080
Accept: text/css,*/*;q=0.1
Connection: keep-alive
Cookie: wp-settings-time-1=1462561165
User-Agent: Mozilla/5.0 (Macintosh; Intel Mac OS X 10_11_6) AppleWebKit/601.7.7 (KHTML, like Gecko) Version/9.1.2 Safari/601.7.7
Accept-Language: en-us
Referer: http://localhost:8080/other.html
Accept-Encoding: gzip, deflate


INFO:root:Request from 0.0.0.0:8080
GET / HTTP/1.1
Host: localhost:8080
Accept: text/html,application/xhtml+xml,application/xml;q=0.9,*/*;q=0.8
Cookie: wp-settings-time-1=1462561165
User-Agent: Mozilla/5.0 (Macintosh; Intel Mac OS X 10_11_6) AppleWebKit/601.7.7 (KHTML, like Gecko) Version/9.1.2 Safari/601.7.7
Accept-Language: en-us
Accept-Encoding: gzip, deflate
Connection: keep-alive


INFO:root:Request from 0.0.0.0:8080
GET /index.html HTTP/1.1
Host: localhost:8080
Accept: text/html,application/xhtml+xml,application/xml;q=0.9,*/*;q=0.8
Cookie: wp-settings-time-1=1462561165
User-Agent: Mozilla/5.0 (Macintosh; Intel Mac OS X 10_11_6) AppleWebKit/601.7.7 (KHTML, like Gecko) Version/9.1.2 Safari/601.7.7
Accept-Language: en-us
Accept-Encoding: gzip, deflate
Connection: keep-alive


INFO:root:Request from 0.0.0.0:8080
GET /style.css HTTP/1.1
Host: localhost:8080
Accept: text/css,*/*;q=0.1
Connection: keep-alive
Cookie: wp-settings-time-1=1462561165
User-Agent: Mozilla/5.0 (Macintosh; Intel Mac OS X 10_11_6) AppleWebKit/601.7.7 (KHTML, like Gecko) Version/9.1.2 Safari/601.7.7
Accept-Language: en-us
Referer: http://localhost:8080/index.html
Accept-Encoding: gzip, deflate


INFO:root:Request from 0.0.0.0:8080
GET /index.html? HTTP/1.1
Host: localhost:8080
Accept: text/html,application/xhtml+xml,application/xml;q=0.9,*/*;q=0.8
Connection: keep-alive
Cookie: wp-settings-time-1=1462561165
User-Agent: Mozilla/5.0 (Macintosh; Intel Mac OS X 10_11_6) AppleWebKit/601.7.7 (KHTML, like Gecko) Version/9.1.2 Safari/601.7.7
Accept-Language: en-us
Referer: http://localhost:8080/index.html
Accept-Encoding: gzip, deflate


INFO:root:Request from 0.0.0.0:8080
GET /index.html HTTP/1.1
Host: localhost:8080
Accept: text/html,application/xhtml+xml,application/xml;q=0.9,*/*;q=0.8
Cookie: wp-settings-time-1=1462561165
User-Agent: Mozilla/5.0 (Macintosh; Intel Mac OS X 10_11_6) AppleWebKit/601.7.7 (KHTML, like Gecko) Version/9.1.2 Safari/601.7.7
Accept-Language: en-us
Accept-Encoding: gzip, deflate
Connection: keep-alive


INFO:root:Request from 0.0.0.0:8080
GET /style.css HTTP/1.1
Host: localhost:8080
Accept: text/css,*/*;q=0.1
Connection: keep-alive
Cookie: wp-settings-time-1=1462561165
User-Agent: Mozilla/5.0 (Macintosh; Intel Mac OS X 10_11_6) AppleWebKit/601.7.7 (KHTML, like Gecko) Version/9.1.2 Safari/601.7.7
Accept-Language: en-us
Referer: http://localhost:8080/index.html
Accept-Encoding: gzip, deflate


INFO:root:Request from 0.0.0.0:8080
GET / HTTP/1.1
Host: localhost:8080
Accept: text/html,application/xhtml+xml,application/xml;q=0.9,*/*;q=0.8
Cookie: wp-settings-time-1=1462561165
User-Agent: Mozilla/5.0 (Macintosh; Intel Mac OS X 10_11_6) AppleWebKit/601.7.7 (KHTML, like Gecko) Version/9.1.2 Safari/601.7.7
Accept-Language: en-us
Accept-Encoding: gzip, deflate
Connection: keep-alive


INFO:root:Request from 0.0.0.0:8080
GET /my.html HTTP/1.1
Host: localhost:8080
Accept: text/html,application/xhtml+xml,application/xml;q=0.9,*/*;q=0.8
Cookie: wp-settings-time-1=1462561165
User-Agent: Mozilla/5.0 (Macintosh; Intel Mac OS X 10_11_6) AppleWebKit/601.7.7 (KHTML, like Gecko) Version/9.1.2 Safari/601.7.7
Accept-Language: en-us
Accept-Encoding: gzip, deflate
Connection: keep-alive


INFO:root:Request from 0.0.0.0:8080
GET /index.html HTTP/1.1
Host: localhost:8080
Accept: text/html,application/xhtml+xml,application/xml;q=0.9,*/*;q=0.8
Cookie: wp-settings-time-1=1462561165
User-Agent: Mozilla/5.0 (Macintosh; Intel Mac OS X 10_11_6) AppleWebKit/601.7.7 (KHTML, like Gecko) Version/9.1.2 Safari/601.7.7
Accept-Language: en-us
Accept-Encoding: gzip, deflate
Connection: keep-alive


INFO:root:Request from 0.0.0.0:8080
GET /style.css HTTP/1.1
Host: localhost:8080
Accept: text/css,*/*;q=0.1
Connection: keep-alive
Cookie: wp-settings-time-1=1462561165
User-Agent: Mozilla/5.0 (Macintosh; Intel Mac OS X 10_11_6) AppleWebKit/601.7.7 (KHTML, like Gecko) Version/9.1.2 Safari/601.7.7
Accept-Language: en-us
Referer: http://localhost:8080/index.html
Accept-Encoding: gzip, deflate


INFO:root:Request from 0.0.0.0:8080
GET /index.html HTTP/1.1
Host: localhost:8080
Accept: text/html,application/xhtml+xml,application/xml;q=0.9,*/*;q=0.8
Cookie: wp-settings-time-1=1462561165
User-Agent: Mozilla/5.0 (Macintosh; Intel Mac OS X 10_11_6) AppleWebKit/601.7.7 (KHTML, like Gecko) Version/9.1.2 Safari/601.7.7
Accept-Language: en-us
Accept-Encoding: gzip, deflate
Connection: keep-alive


INFO:root:Request from 0.0.0.0:8080
GET /style.css HTTP/1.1
Host: localhost:8080
Accept: text/css,*/*;q=0.1
Connection: keep-alive
Cookie: wp-settings-time-1=1462561165
User-Agent: Mozilla/5.0 (Macintosh; Intel Mac OS X 10_11_6) AppleWebKit/601.7.7 (KHTML, like Gecko) Version/9.1.2 Safari/601.7.7
Accept-Language: en-us
Referer: http://localhost:8080/index.html
Accept-Encoding: gzip, deflate


INFO:root:Request from 0.0.0.0:8080
GET /127.0.0.1:8080/Users/jmorrison/style.css HTTP/1.1
Host: localhost:8080
Accept: text/css,*/*;q=0.1
Connection: keep-alive
Cookie: wp-settings-time-1=1462561165
User-Agent: Mozilla/5.0 (Macintosh; Intel Mac OS X 10_11_6) AppleWebKit/601.7.7 (KHTML, like Gecko) Version/9.1.2 Safari/601.7.7
Accept-Language: en-us
Referer: http://localhost:8080/
Accept-Encoding: gzip, deflate


INFO:root:Request from 0.0.0.0:8080
GET / HTTP/1.1
Host: localhost:8080
Accept: text/html,application/xhtml+xml,application/xml;q=0.9,*/*;q=0.8
Cookie: wp-settings-time-1=1462561165
User-Agent: Mozilla/5.0 (Macintosh; Intel Mac OS X 10_11_6) AppleWebKit/601.7.7 (KHTML, like Gecko) Version/9.1.2 Safari/601.7.7
Accept-Language: en-us
Accept-Encoding: gzip, deflate
Connection: keep-alive


INFO:root:Request from 0.0.0.0:8080
GET / HTTP/1.1
Host: localhost:8080
Accept: text/html,application/xhtml+xml,application/xml;q=0.9,*/*;q=0.8
Connection: keep-alive
Cookie: wp-settings-time-1=1462561165
User-Agent: Mozilla/5.0 (Macintosh; Intel Mac OS X 10_11_6) AppleWebKit/601.7.7 (KHTML, like Gecko) Version/9.1.2 Safari/601.7.7
Accept-Language: en-us
Cache-Control: max-age=0
Accept-Encoding: gzip, deflate


